#
# There is insufficient memory for the Java Runtime Environment to continue.
# Native memory allocation (malloc) failed to allocate 32744 bytes for ChunkPool::allocate
# Possible reasons:
#   The system is out of physical RAM or swap space
#   The process is running with CompressedOops enabled, and the Java Heap may be blocking the growth of the native heap
# Possible solutions:
#   Reduce memory load on the system
#   Increase physical memory or swap space
#   Check if swap backing store is full
#   Decrease Java heap size (-Xmx/-Xms)
#   Decrease number of Java threads
#   Decrease Java thread stack sizes (-Xss)
#   Set larger code cache with -XX:ReservedCodeCacheSize=
#   JVM is running with Unscaled Compressed Oops mode in which the Java heap is
#     placed in the first 4GB address space. The Java Heap base address is the
#     maximum limit for the native heap growth. Please use -XX:HeapBaseMinAddress
#     to set the Java Heap base and to place the Java Heap above 4GB virtual address.
# This output file may be truncated or incomplete.
#
#  Out of Memory Error (./open/src/hotspot/share/memory/arena.cpp:79), pid=14984, tid=11368
#
# JRE version: Java(TM) SE Runtime Environment (15.0+36) (build 15+36-1562)
# Java VM: Java HotSpot(TM) 64-Bit Server VM (15+36-1562, mixed mode, sharing, tiered, compressed oops, g1 gc, windows-amd64)
# No core dump will be written. Minidumps are not enabled by default on client versions of Windows
#

---------------  S U M M A R Y ------------

Command Line: -XX:MaxMetaspaceSize=512m --add-opens=java.base/java.util=ALL-UNNAMED --add-opens=java.base/java.lang=ALL-UNNAMED --add-opens=java.base/java.lang.invoke=ALL-UNNAMED --add-opens=java.base/java.util=ALL-UNNAMED --add-opens=java.prefs/java.util.prefs=ALL-UNNAMED --add-opens=java.prefs/java.util.prefs=ALL-UNNAMED --add-opens=java.base/java.nio.charset=ALL-UNNAMED --add-opens=java.base/java.net=ALL-UNNAMED --add-opens=java.base/java.util.concurrent.atomic=ALL-UNNAMED -Xmx2048m -Dfile.encoding=windows-1252 -Duser.country=US -Duser.language=en -Duser.variant org.gradle.launcher.daemon.bootstrap.GradleDaemon 7.5.1

Host: Intel(R) Core(TM) i5-5300U CPU @ 2.30GHz, 4 cores, 7G,  Windows 10 , 64 bit Build 19041 (10.0.19041.1889)
Time: Sat Sep 17 21:58:49 2022 Pakistan Standard Time elapsed time: 7.785338 seconds (0d 0h 0m 7s)

---------------  T H R E A D  ---------------

Current thread (0x000001d527967e90):  JavaThread "C2 CompilerThread0" daemon [_thread_in_native, id=11368, stack(0x000000b366600000,0x000000b366700000)]


Current CompileTask:
C2:   7785 2054   !   4       java.lang.ClassLoader::loadClass (122 bytes)

Stack: [0x000000b366600000,0x000000b366700000]
Native frames: (J=compiled Java code, j=interpreted, Vv=VM code, C=native code)
V  [jvm.dll+0x629eaa]
V  [jvm.dll+0x780379]
V  [jvm.dll+0x781ad3]
V  [jvm.dll+0x782133]
V  [jvm.dll+0x2159d5]
V  [jvm.dll+0x97cdf]
V  [jvm.dll+0x97abd]
V  [jvm.dll+0x608b94]
V  [jvm.dll+0x6542ca]
V  [jvm.dll+0x18ddfd]
V  [jvm.dll+0x1e9ef2]
V  [jvm.dll+0x1e903e]
V  [jvm.dll+0x177f17]
V  [jvm.dll+0x1f88f5]
V  [jvm.dll+0x1f699c]
V  [jvm.dll+0x74384d]
V  [jvm.dll+0x73c64a]
V  [jvm.dll+0x628d16]
C  [ucrtbase.dll+0x21bb2]
C  [KERNEL32.DLL+0x17034]
C  [ntdll.dll+0x526a1]


---------------  P R O C E S S  ---------------

Threads class SMR info:
_java_thread_list=0x000001d52a380040, length=24, elements={
0x000001d509676fb0, 0x000001d527945600, 0x000001d527946ff0, 0x000001d52795f7f0,
0x000001d5279620c0, 0x000001d527963990, 0x000001d527967e90, 0x000001d527968790,
0x000001d527969090, 0x000001d5283a7690, 0x000001d5283a41a0, 0x000001d5283a6cf0,
0x000001d5283a4b40, 0x000001d5283a71c0, 0x000001d5283a6350, 0x000001d5283a54e0,
0x000001d5283a3cd0, 0x000001d5283a59b0, 0x000001d5283a5e80, 0x000001d5299bcfa0,
0x000001d5299c2640, 0x000001d5299c2170, 0x000001d5299c2fe0, 0x000001d5299c17d0
}

Java Threads: ( => current thread )
  0x000001d509676fb0 JavaThread "main" [_thread_blocked, id=10768, stack(0x000000b365a00000,0x000000b365b00000)]
  0x000001d527945600 JavaThread "Reference Handler" daemon [_thread_blocked, id=13496, stack(0x000000b366100000,0x000000b366200000)]
  0x000001d527946ff0 JavaThread "Finalizer" daemon [_thread_blocked, id=10016, stack(0x000000b366200000,0x000000b366300000)]
  0x000001d52795f7f0 JavaThread "Signal Dispatcher" daemon [_thread_blocked, id=12096, stack(0x000000b366300000,0x000000b366400000)]
  0x000001d5279620c0 JavaThread "Attach Listener" daemon [_thread_blocked, id=15128, stack(0x000000b366400000,0x000000b366500000)]
  0x000001d527963990 JavaThread "Service Thread" daemon [_thread_blocked, id=11752, stack(0x000000b366500000,0x000000b366600000)]
=>0x000001d527967e90 JavaThread "C2 CompilerThread0" daemon [_thread_in_native, id=11368, stack(0x000000b366600000,0x000000b366700000)]
  0x000001d527968790 JavaThread "C1 CompilerThread0" daemon [_thread_blocked, id=4856, stack(0x000000b366700000,0x000000b366800000)]
  0x000001d527969090 JavaThread "Sweeper thread" daemon [_thread_blocked, id=14760, stack(0x000000b366800000,0x000000b366900000)]
  0x000001d5283a7690 JavaThread "Common-Cleaner" daemon [_thread_blocked, id=10300, stack(0x000000b366900000,0x000000b366a00000)]
  0x000001d5283a41a0 JavaThread "Notification Thread" daemon [_thread_blocked, id=14716, stack(0x000000b366a00000,0x000000b366b00000)]
  0x000001d5283a6cf0 JavaThread "Daemon health stats" [_thread_blocked, id=12656, stack(0x000000b366c00000,0x000000b366d00000)]
  0x000001d5283a4b40 JavaThread "Incoming local TCP Connector on port 49631" [_thread_in_native, id=12140, stack(0x000000b366e00000,0x000000b366f00000)]
  0x000001d5283a71c0 JavaThread "Daemon periodic checks" [_thread_blocked, id=12548, stack(0x000000b366f00000,0x000000b367000000)]
  0x000001d5283a6350 JavaThread "Daemon" [_thread_blocked, id=676, stack(0x000000b367000000,0x000000b367100000)]
  0x000001d5283a54e0 JavaThread "Handler for socket connection from /127.0.0.1:49631 to /127.0.0.1:49632" [_thread_in_native, id=13872, stack(0x000000b367100000,0x000000b367200000)]
  0x000001d5283a3cd0 JavaThread "Cancel handler" [_thread_blocked, id=11160, stack(0x000000b367200000,0x000000b367300000)]
  0x000001d5283a59b0 JavaThread "Daemon worker" [_thread_in_vm, id=8536, stack(0x000000b367300000,0x000000b367400000)]
  0x000001d5283a5e80 JavaThread "Asynchronous log dispatcher for DefaultDaemonConnection: socket connection from /127.0.0.1:49631 to /127.0.0.1:49632" [_thread_blocked, id=10192, stack(0x000000b367500000,0x000000b367600000)]
  0x000001d5299bcfa0 JavaThread "Stdin handler" [_thread_blocked, id=12676, stack(0x000000b367600000,0x000000b367700000)]
  0x000001d5299c2640 JavaThread "Daemon client event forwarder" [_thread_blocked, id=13156, stack(0x000000b367700000,0x000000b367800000)]
  0x000001d5299c2170 JavaThread "Cache worker for journal cache (C:\Users\Osama Shabbir\.gradle\caches\journal-1)" [_thread_blocked, id=5596, stack(0x000000b367400000,0x000000b367500000)]
  0x000001d5299c2fe0 JavaThread "File lock request listener" [_thread_in_native, id=15136, stack(0x000000b367800000,0x000000b367900000)]
  0x000001d5299c17d0 JavaThread "Cache worker for file hash cache (C:\Users\Osama Shabbir\.gradle\caches\7.5.1\fileHashes)" [_thread_blocked, id=14896, stack(0x000000b367900000,0x000000b367a00000)]

Other Threads:
  0x000001d527940140 VMThread "VM Thread" [stack: 0x000000b366000000,0x000000b366100000] [id=5808]
  0x000001d5283b33c0 WatcherThread [stack: 0x000000b366b00000,0x000000b366c00000] [id=15032]
  0x000001d5096b4690 GCTaskThread "GC Thread#0" [stack: 0x000000b365b00000,0x000000b365c00000] [id=9472]
  0x000001d52839fff0 GCTaskThread "GC Thread#1" [stack: 0x000000b366d00000,0x000000b366e00000] [id=5792]
  0x000001d5096c7890 ConcurrentGCThread "G1 Main Marker" [stack: 0x000000b365c00000,0x000000b365d00000] [id=10668]
  0x000001d5096c8bb0 ConcurrentGCThread "G1 Conc#0" [stack: 0x000000b365d00000,0x000000b365e00000] [id=7028]
  0x000001d50973f6b0 ConcurrentGCThread "G1 Refine#0" [stack: 0x000000b365e00000,0x000000b365f00000] [id=12372]
  0x000001d509740140 ConcurrentGCThread "G1 Young RemSet Sampling" [stack: 0x000000b365f00000,0x000000b366000000] [id=12564]

Threads with active compile tasks:
C2 CompilerThread0     7994 2054   !   4       java.lang.ClassLoader::loadClass (122 bytes)

VM state: not at safepoint (normal execution)

VM Mutex/Monitor currently owned by a thread: None

Heap address: 0x0000000080000000, size: 2048 MB, Compressed Oops mode: 32-bit
CDS archive(s) mapped at: [0x0000000800000000-0x0000000800b50000-0x0000000800b50000), size 11862016, SharedBaseAddress: 0x0000000800000000, ArchiveRelocationMode: 0.
Compressed class space mapped at: 0x0000000800b50000-0x0000000820350000, size: 528482304
Narrow klass base: 0x0000000800000000, Narrow klass shift: 3, Narrow klass range: 0x100000000

GC Precious Log:
 CPUs: 4 total, 4 available
 Memory: 7887M
 Large Page Support: Disabled
 NUMA Support: Disabled
 Compressed Oops: Enabled (32-bit)
 Heap Region Size: 1M
 Heap Min Capacity: 8M
 Heap Initial Capacity: 124M
 Heap Max Capacity: 2G
 Pre-touch: Disabled
 Parallel Workers: 4
 Concurrent Workers: 1
 Concurrent Refinement Workers: 4
 Periodic GC: Disabled

Heap:
 garbage-first heap   total 126976K, used 75442K [0x0000000080000000, 0x0000000100000000)
  region size 1024K, 67 young (68608K), 3 survivors (3072K)
 Metaspace       used 14417K, capacity 14789K, committed 14976K, reserved 530432K
  class space    used 2009K, capacity 2133K, committed 2176K, reserved 516096K

Heap Regions: E=young(eden), S=young(survivor), O=old, HS=humongous(starts), HC=humongous(continues), CS=collection set, F=free, OA=open archive, CA=closed archive, TAMS=top-at-mark-start (previous, next)
|   0|0x0000000080000000, 0x0000000080100000, 0x0000000080100000|100%|HS|  |TAMS 0x0000000080000000, 0x0000000080000000| Complete 
|   1|0x0000000080100000, 0x0000000080200000, 0x0000000080200000|100%|HC|  |TAMS 0x0000000080100000, 0x0000000080100000| Complete 
|   2|0x0000000080200000, 0x0000000080300000, 0x0000000080300000|100%|HC|  |TAMS 0x0000000080200000, 0x0000000080200000| Complete 
|   3|0x0000000080300000, 0x0000000080400000, 0x0000000080400000|100%| O|  |TAMS 0x0000000080300000, 0x0000000080300000| Untracked 
|   4|0x0000000080400000, 0x0000000080500000, 0x0000000080500000|100%| O|  |TAMS 0x0000000080400000, 0x0000000080400000| Untracked 
|   5|0x0000000080500000, 0x0000000080600000, 0x0000000080600000|100%| O|  |TAMS 0x0000000080500000, 0x0000000080500000| Untracked 
|   6|0x0000000080600000, 0x00000000806faa00, 0x0000000080700000| 97%| O|  |TAMS 0x0000000080600000, 0x0000000080600000| Untracked 
|   7|0x0000000080700000, 0x0000000080800000, 0x0000000080800000|100%|HS|  |TAMS 0x0000000080700000, 0x0000000080700000| Complete 
|   8|0x0000000080800000, 0x0000000080800000, 0x0000000080900000|  0%| F|  |TAMS 0x0000000080800000, 0x0000000080800000| Untracked 
|   9|0x0000000080900000, 0x0000000080900000, 0x0000000080a00000|  0%| F|  |TAMS 0x0000000080900000, 0x0000000080900000| Untracked 
|  10|0x0000000080a00000, 0x0000000080a00000, 0x0000000080b00000|  0%| F|  |TAMS 0x0000000080a00000, 0x0000000080a00000| Untracked 
|  11|0x0000000080b00000, 0x0000000080b00000, 0x0000000080c00000|  0%| F|  |TAMS 0x0000000080b00000, 0x0000000080b00000| Untracked 
|  12|0x0000000080c00000, 0x0000000080c00000, 0x0000000080d00000|  0%| F|  |TAMS 0x0000000080c00000, 0x0000000080c00000| Untracked 
|  13|0x0000000080d00000, 0x0000000080d00000, 0x0000000080e00000|  0%| F|  |TAMS 0x0000000080d00000, 0x0000000080d00000| Untracked 
|  14|0x0000000080e00000, 0x0000000080e00000, 0x0000000080f00000|  0%| F|  |TAMS 0x0000000080e00000, 0x0000000080e00000| Untracked 
|  15|0x0000000080f00000, 0x0000000080f00000, 0x0000000081000000|  0%| F|  |TAMS 0x0000000080f00000, 0x0000000080f00000| Untracked 
|  16|0x0000000081000000, 0x0000000081000000, 0x0000000081100000|  0%| F|  |TAMS 0x0000000081000000, 0x0000000081000000| Untracked 
|  17|0x0000000081100000, 0x0000000081100000, 0x0000000081200000|  0%| F|  |TAMS 0x0000000081100000, 0x0000000081100000| Untracked 
|  18|0x0000000081200000, 0x0000000081200000, 0x0000000081300000|  0%| F|  |TAMS 0x0000000081200000, 0x0000000081200000| Untracked 
|  19|0x0000000081300000, 0x0000000081300000, 0x0000000081400000|  0%| F|  |TAMS 0x0000000081300000, 0x0000000081300000| Untracked 
|  20|0x0000000081400000, 0x0000000081400000, 0x0000000081500000|  0%| F|  |TAMS 0x0000000081400000, 0x0000000081400000| Untracked 
|  21|0x0000000081500000, 0x0000000081500000, 0x0000000081600000|  0%| F|  |TAMS 0x0000000081500000, 0x0000000081500000| Untracked 
|  22|0x0000000081600000, 0x0000000081600000, 0x0000000081700000|  0%| F|  |TAMS 0x0000000081600000, 0x0000000081600000| Untracked 
|  23|0x0000000081700000, 0x0000000081700000, 0x0000000081800000|  0%| F|  |TAMS 0x0000000081700000, 0x0000000081700000| Untracked 
|  24|0x0000000081800000, 0x0000000081800000, 0x0000000081900000|  0%| F|  |TAMS 0x0000000081800000, 0x0000000081800000| Untracked 
|  25|0x0000000081900000, 0x0000000081900000, 0x0000000081a00000|  0%| F|  |TAMS 0x0000000081900000, 0x0000000081900000| Untracked 
|  26|0x0000000081a00000, 0x0000000081a00000, 0x0000000081b00000|  0%| F|  |TAMS 0x0000000081a00000, 0x0000000081a00000| Untracked 
|  27|0x0000000081b00000, 0x0000000081b00000, 0x0000000081c00000|  0%| F|  |TAMS 0x0000000081b00000, 0x0000000081b00000| Untracked 
|  28|0x0000000081c00000, 0x0000000081c00000, 0x0000000081d00000|  0%| F|  |TAMS 0x0000000081c00000, 0x0000000081c00000| Untracked 
|  29|0x0000000081d00000, 0x0000000081d00000, 0x0000000081e00000|  0%| F|  |TAMS 0x0000000081d00000, 0x0000000081d00000| Untracked 
|  30|0x0000000081e00000, 0x0000000081e00000, 0x0000000081f00000|  0%| F|  |TAMS 0x0000000081e00000, 0x0000000081e00000| Untracked 
|  31|0x0000000081f00000, 0x0000000081f00000, 0x0000000082000000|  0%| F|  |TAMS 0x0000000081f00000, 0x0000000081f00000| Untracked 
|  32|0x0000000082000000, 0x0000000082000000, 0x0000000082100000|  0%| F|  |TAMS 0x0000000082000000, 0x0000000082000000| Untracked 
|  33|0x0000000082100000, 0x0000000082100000, 0x0000000082200000|  0%| F|  |TAMS 0x0000000082100000, 0x0000000082100000| Untracked 
|  34|0x0000000082200000, 0x0000000082200000, 0x0000000082300000|  0%| F|  |TAMS 0x0000000082200000, 0x0000000082200000| Untracked 
|  35|0x0000000082300000, 0x0000000082300000, 0x0000000082400000|  0%| F|  |TAMS 0x0000000082300000, 0x0000000082300000| Untracked 
|  36|0x0000000082400000, 0x0000000082400000, 0x0000000082500000|  0%| F|  |TAMS 0x0000000082400000, 0x0000000082400000| Untracked 
|  37|0x0000000082500000, 0x0000000082500000, 0x0000000082600000|  0%| F|  |TAMS 0x0000000082500000, 0x0000000082500000| Untracked 
|  38|0x0000000082600000, 0x0000000082600000, 0x0000000082700000|  0%| F|  |TAMS 0x0000000082600000, 0x0000000082600000| Untracked 
|  39|0x0000000082700000, 0x0000000082700000, 0x0000000082800000|  0%| F|  |TAMS 0x0000000082700000, 0x0000000082700000| Untracked 
|  40|0x0000000082800000, 0x0000000082800000, 0x0000000082900000|  0%| F|  |TAMS 0x0000000082800000, 0x0000000082800000| Untracked 
|  41|0x0000000082900000, 0x0000000082900000, 0x0000000082a00000|  0%| F|  |TAMS 0x0000000082900000, 0x0000000082900000| Untracked 
|  42|0x0000000082a00000, 0x0000000082a00000, 0x0000000082b00000|  0%| F|  |TAMS 0x0000000082a00000, 0x0000000082a00000| Untracked 
|  43|0x0000000082b00000, 0x0000000082b00000, 0x0000000082c00000|  0%| F|  |TAMS 0x0000000082b00000, 0x0000000082b00000| Untracked 
|  44|0x0000000082c00000, 0x0000000082c00000, 0x0000000082d00000|  0%| F|  |TAMS 0x0000000082c00000, 0x0000000082c00000| Untracked 
|  45|0x0000000082d00000, 0x0000000082d00000, 0x0000000082e00000|  0%| F|  |TAMS 0x0000000082d00000, 0x0000000082d00000| Untracked 
|  46|0x0000000082e00000, 0x0000000082e00000, 0x0000000082f00000|  0%| F|  |TAMS 0x0000000082e00000, 0x0000000082e00000| Untracked 
|  47|0x0000000082f00000, 0x0000000082f00000, 0x0000000083000000|  0%| F|  |TAMS 0x0000000082f00000, 0x0000000082f00000| Untracked 
|  48|0x0000000083000000, 0x0000000083000000, 0x0000000083100000|  0%| F|  |TAMS 0x0000000083000000, 0x0000000083000000| Untracked 
|  49|0x0000000083100000, 0x0000000083100000, 0x0000000083200000|  0%| F|  |TAMS 0x0000000083100000, 0x0000000083100000| Untracked 
|  50|0x0000000083200000, 0x0000000083200000, 0x0000000083300000|  0%| F|  |TAMS 0x0000000083200000, 0x0000000083200000| Untracked 
|  51|0x0000000083300000, 0x0000000083300000, 0x0000000083400000|  0%| F|  |TAMS 0x0000000083300000, 0x0000000083300000| Untracked 
|  52|0x0000000083400000, 0x0000000083400000, 0x0000000083500000|  0%| F|  |TAMS 0x0000000083400000, 0x0000000083400000| Untracked 
|  53|0x0000000083500000, 0x0000000083500000, 0x0000000083600000|  0%| F|  |TAMS 0x0000000083500000, 0x0000000083500000| Untracked 
|  54|0x0000000083600000, 0x0000000083600000, 0x0000000083700000|  0%| F|  |TAMS 0x0000000083600000, 0x0000000083600000| Untracked 
|  55|0x0000000083700000, 0x0000000083700000, 0x0000000083800000|  0%| F|  |TAMS 0x0000000083700000, 0x0000000083700000| Untracked 
|  56|0x0000000083800000, 0x0000000083800000, 0x0000000083900000|  0%| F|  |TAMS 0x0000000083800000, 0x0000000083800000| Untracked 
|  57|0x0000000083900000, 0x0000000083981270, 0x0000000083a00000| 50%| E|  |TAMS 0x0000000083900000, 0x0000000083900000| Complete 
|  58|0x0000000083a00000, 0x0000000083b00000, 0x0000000083b00000|100%| E|CS|TAMS 0x0000000083a00000, 0x0000000083a00000| Complete 
|  59|0x0000000083b00000, 0x0000000083c00000, 0x0000000083c00000|100%| E|CS|TAMS 0x0000000083b00000, 0x0000000083b00000| Complete 
|  60|0x0000000083c00000, 0x0000000083d00000, 0x0000000083d00000|100%| E|CS|TAMS 0x0000000083c00000, 0x0000000083c00000| Complete 
|  61|0x0000000083d00000, 0x0000000083e00000, 0x0000000083e00000|100%| E|CS|TAMS 0x0000000083d00000, 0x0000000083d00000| Complete 
|  62|0x0000000083e00000, 0x0000000083f00000, 0x0000000083f00000|100%| E|CS|TAMS 0x0000000083e00000, 0x0000000083e00000| Complete 
|  63|0x0000000083f00000, 0x0000000084000000, 0x0000000084000000|100%| E|CS|TAMS 0x0000000083f00000, 0x0000000083f00000| Complete 
|  64|0x0000000084000000, 0x0000000084100000, 0x0000000084100000|100%| E|CS|TAMS 0x0000000084000000, 0x0000000084000000| Complete 
|  65|0x0000000084100000, 0x0000000084200000, 0x0000000084200000|100%| E|CS|TAMS 0x0000000084100000, 0x0000000084100000| Complete 
|  66|0x0000000084200000, 0x0000000084300000, 0x0000000084300000|100%| E|CS|TAMS 0x0000000084200000, 0x0000000084200000| Complete 
|  67|0x0000000084300000, 0x0000000084400000, 0x0000000084400000|100%| E|CS|TAMS 0x0000000084300000, 0x0000000084300000| Complete 
|  68|0x0000000084400000, 0x0000000084500000, 0x0000000084500000|100%| E|CS|TAMS 0x0000000084400000, 0x0000000084400000| Complete 
|  69|0x0000000084500000, 0x0000000084600000, 0x0000000084600000|100%| E|CS|TAMS 0x0000000084500000, 0x0000000084500000| Complete 
|  70|0x0000000084600000, 0x0000000084700000, 0x0000000084700000|100%| E|CS|TAMS 0x0000000084600000, 0x0000000084600000| Complete 
|  71|0x0000000084700000, 0x0000000084800000, 0x0000000084800000|100%| E|CS|TAMS 0x0000000084700000, 0x0000000084700000| Complete 
|  72|0x0000000084800000, 0x0000000084900000, 0x0000000084900000|100%| E|CS|TAMS 0x0000000084800000, 0x0000000084800000| Complete 
|  73|0x0000000084900000, 0x0000000084a00000, 0x0000000084a00000|100%| E|CS|TAMS 0x0000000084900000, 0x0000000084900000| Complete 
|  74|0x0000000084a00000, 0x0000000084b00000, 0x0000000084b00000|100%| E|CS|TAMS 0x0000000084a00000, 0x0000000084a00000| Complete 
|  75|0x0000000084b00000, 0x0000000084c00000, 0x0000000084c00000|100%| E|CS|TAMS 0x0000000084b00000, 0x0000000084b00000| Complete 
|  76|0x0000000084c00000, 0x0000000084d00000, 0x0000000084d00000|100%| E|CS|TAMS 0x0000000084c00000, 0x0000000084c00000| Complete 
|  77|0x0000000084d00000, 0x0000000084e00000, 0x0000000084e00000|100%| E|CS|TAMS 0x0000000084d00000, 0x0000000084d00000| Complete 
|  78|0x0000000084e00000, 0x0000000084f00000, 0x0000000084f00000|100%| E|CS|TAMS 0x0000000084e00000, 0x0000000084e00000| Complete 
|  79|0x0000000084f00000, 0x0000000085000000, 0x0000000085000000|100%| E|CS|TAMS 0x0000000084f00000, 0x0000000084f00000| Complete 
|  80|0x0000000085000000, 0x0000000085100000, 0x0000000085100000|100%| E|CS|TAMS 0x0000000085000000, 0x0000000085000000| Complete 
|  81|0x0000000085100000, 0x0000000085200000, 0x0000000085200000|100%| E|CS|TAMS 0x0000000085100000, 0x0000000085100000| Complete 
|  82|0x0000000085200000, 0x0000000085300000, 0x0000000085300000|100%| E|CS|TAMS 0x0000000085200000, 0x0000000085200000| Complete 
|  83|0x0000000085300000, 0x0000000085400000, 0x0000000085400000|100%| E|CS|TAMS 0x0000000085300000, 0x0000000085300000| Complete 
|  84|0x0000000085400000, 0x0000000085500000, 0x0000000085500000|100%| E|CS|TAMS 0x0000000085400000, 0x0000000085400000| Complete 
|  85|0x0000000085500000, 0x0000000085600000, 0x0000000085600000|100%| E|CS|TAMS 0x0000000085500000, 0x0000000085500000| Complete 
|  86|0x0000000085600000, 0x0000000085700000, 0x0000000085700000|100%| E|CS|TAMS 0x0000000085600000, 0x0000000085600000| Complete 
|  87|0x0000000085700000, 0x0000000085800000, 0x0000000085800000|100%| E|CS|TAMS 0x0000000085700000, 0x0000000085700000| Complete 
|  88|0x0000000085800000, 0x0000000085900000, 0x0000000085900000|100%| E|CS|TAMS 0x0000000085800000, 0x0000000085800000| Complete 
|  89|0x0000000085900000, 0x0000000085a00000, 0x0000000085a00000|100%| E|CS|TAMS 0x0000000085900000, 0x0000000085900000| Complete 
|  90|0x0000000085a00000, 0x0000000085b00000, 0x0000000085b00000|100%| E|CS|TAMS 0x0000000085a00000, 0x0000000085a00000| Complete 
|  91|0x0000000085b00000, 0x0000000085c00000, 0x0000000085c00000|100%| E|CS|TAMS 0x0000000085b00000, 0x0000000085b00000| Complete 
|  92|0x0000000085c00000, 0x0000000085d00000, 0x0000000085d00000|100%| E|CS|TAMS 0x0000000085c00000, 0x0000000085c00000| Complete 
|  93|0x0000000085d00000, 0x0000000085e00000, 0x0000000085e00000|100%| E|CS|TAMS 0x0000000085d00000, 0x0000000085d00000| Complete 
|  94|0x0000000085e00000, 0x0000000085f00000, 0x0000000085f00000|100%| E|CS|TAMS 0x0000000085e00000, 0x0000000085e00000| Complete 
|  95|0x0000000085f00000, 0x0000000086000000, 0x0000000086000000|100%| E|CS|TAMS 0x0000000085f00000, 0x0000000085f00000| Complete 
|  96|0x0000000086000000, 0x00000000860b21d0, 0x0000000086100000| 69%| S|CS|TAMS 0x0000000086000000, 0x0000000086000000| Complete 
|  97|0x0000000086100000, 0x0000000086200000, 0x0000000086200000|100%| S|CS|TAMS 0x0000000086100000, 0x0000000086100000| Complete 
|  98|0x0000000086200000, 0x0000000086300000, 0x0000000086300000|100%| S|CS|TAMS 0x0000000086200000, 0x0000000086200000| Complete 
|  99|0x0000000086300000, 0x0000000086400000, 0x0000000086400000|100%| E|CS|TAMS 0x0000000086300000, 0x0000000086300000| Complete 
| 100|0x0000000086400000, 0x0000000086500000, 0x0000000086500000|100%| E|CS|TAMS 0x0000000086400000, 0x0000000086400000| Complete 
| 101|0x0000000086500000, 0x0000000086600000, 0x0000000086600000|100%| E|CS|TAMS 0x0000000086500000, 0x0000000086500000| Complete 
| 102|0x0000000086600000, 0x0000000086700000, 0x0000000086700000|100%| E|CS|TAMS 0x0000000086600000, 0x0000000086600000| Complete 
| 103|0x0000000086700000, 0x0000000086800000, 0x0000000086800000|100%| E|CS|TAMS 0x0000000086700000, 0x0000000086700000| Complete 
| 104|0x0000000086800000, 0x0000000086900000, 0x0000000086900000|100%| E|CS|TAMS 0x0000000086800000, 0x0000000086800000| Complete 
| 105|0x0000000086900000, 0x0000000086a00000, 0x0000000086a00000|100%| E|CS|TAMS 0x0000000086900000, 0x0000000086900000| Complete 
| 106|0x0000000086a00000, 0x0000000086b00000, 0x0000000086b00000|100%| E|CS|TAMS 0x0000000086a00000, 0x0000000086a00000| Complete 
| 107|0x0000000086b00000, 0x0000000086c00000, 0x0000000086c00000|100%| E|CS|TAMS 0x0000000086b00000, 0x0000000086b00000| Complete 
| 108|0x0000000086c00000, 0x0000000086d00000, 0x0000000086d00000|100%| E|CS|TAMS 0x0000000086c00000, 0x0000000086c00000| Complete 
| 109|0x0000000086d00000, 0x0000000086e00000, 0x0000000086e00000|100%| E|CS|TAMS 0x0000000086d00000, 0x0000000086d00000| Complete 
| 110|0x0000000086e00000, 0x0000000086f00000, 0x0000000086f00000|100%| E|CS|TAMS 0x0000000086e00000, 0x0000000086e00000| Complete 
| 111|0x0000000086f00000, 0x0000000087000000, 0x0000000087000000|100%| E|CS|TAMS 0x0000000086f00000, 0x0000000086f00000| Complete 
| 112|0x0000000087000000, 0x0000000087100000, 0x0000000087100000|100%| E|CS|TAMS 0x0000000087000000, 0x0000000087000000| Complete 
| 113|0x0000000087100000, 0x0000000087200000, 0x0000000087200000|100%| E|CS|TAMS 0x0000000087100000, 0x0000000087100000| Complete 
| 114|0x0000000087200000, 0x0000000087300000, 0x0000000087300000|100%| E|CS|TAMS 0x0000000087200000, 0x0000000087200000| Complete 
| 115|0x0000000087300000, 0x0000000087400000, 0x0000000087400000|100%| E|CS|TAMS 0x0000000087300000, 0x0000000087300000| Complete 
| 116|0x0000000087400000, 0x0000000087500000, 0x0000000087500000|100%| E|CS|TAMS 0x0000000087400000, 0x0000000087400000| Complete 
| 117|0x0000000087500000, 0x0000000087600000, 0x0000000087600000|100%| E|CS|TAMS 0x0000000087500000, 0x0000000087500000| Complete 
| 118|0x0000000087600000, 0x0000000087700000, 0x0000000087700000|100%| E|CS|TAMS 0x0000000087600000, 0x0000000087600000| Complete 
| 119|0x0000000087700000, 0x0000000087800000, 0x0000000087800000|100%| E|CS|TAMS 0x0000000087700000, 0x0000000087700000| Complete 
| 120|0x0000000087800000, 0x0000000087900000, 0x0000000087900000|100%| E|CS|TAMS 0x0000000087800000, 0x0000000087800000| Complete 
| 121|0x0000000087900000, 0x0000000087a00000, 0x0000000087a00000|100%| E|CS|TAMS 0x0000000087900000, 0x0000000087900000| Complete 
| 122|0x0000000087a00000, 0x0000000087b00000, 0x0000000087b00000|100%| E|CS|TAMS 0x0000000087a00000, 0x0000000087a00000| Complete 
| 123|0x0000000087b00000, 0x0000000087c00000, 0x0000000087c00000|100%| E|CS|TAMS 0x0000000087b00000, 0x0000000087b00000| Complete 

Card table byte_map: [0x000001d520cb0000,0x000001d5210b0000] _byte_map_base: 0x000001d5208b0000

Marking Bits (Prev, Next): (CMBitMap*) 0x000001d5096b5e20, (CMBitMap*) 0x000001d5096b5e60
 Prev Bits: [0x000001d5214b0000, 0x000001d5234b0000)
 Next Bits: [0x000001d5234b0000, 0x000001d5254b0000)

Polling page: 0x000001d5075d0000

Metaspace:

Usage:
  Non-class:     12.36 MB capacity,    12.12 MB ( 98%) used,   229.09 KB (  2%) free+waste,    19.06 KB ( <1%) overhead. 
      Class:      2.08 MB capacity,     1.96 MB ( 94%) used,   113.99 KB (  5%) free+waste,     9.25 KB ( <1%) overhead. 
       Both:     14.44 MB capacity,    14.08 MB ( 97%) used,   343.09 KB (  2%) free+waste,    28.31 KB ( <1%) overhead. 

Virtual space:
  Non-class space:       14.00 MB reserved,      12.50 MB ( 89%) committed 
      Class space:      504.00 MB reserved,       2.12 MB ( <1%) committed 
             Both:      518.00 MB reserved,      14.62 MB (  3%) committed 

Chunk freelists:
   Non-Class:  16.00 KB
       Class:  11.00 KB
        Both:  27.00 KB

MaxMetaspaceSize: 512.00 MB
CompressedClassSpaceSize: 504.00 MB

CodeHeap 'non-profiled nmethods': size=120000Kb used=1083Kb max_used=1083Kb free=118916Kb
 bounds [0x000001d519380000, 0x000001d5195f0000, 0x000001d5208b0000]
CodeHeap 'profiled nmethods': size=120000Kb used=4123Kb max_used=4123Kb free=115876Kb
 bounds [0x000001d511e50000, 0x000001d512260000, 0x000001d519380000]
CodeHeap 'non-nmethods': size=5760Kb used=1229Kb max_used=1243Kb free=4531Kb
 bounds [0x000001d5118b0000, 0x000001d511b20000, 0x000001d511e50000]
 total_blobs=2582 nmethods=2084 adapters=410
 compilation: enabled
              stopped_count=0, restarted_count=0
 full_count=0

Compilation events (20 events):
Event: 7.575 Thread 0x000001d527968790 2075       3       java.lang.reflect.Executable::getGenericParameterTypes (20 bytes)
Event: 7.576 Thread 0x000001d527968790 nmethod 2075 0x000001d51224e610 code [0x000001d51224e820, 0x000001d51224ef68]
Event: 7.579 Thread 0x000001d527968790 2076       3       java.lang.Package::<init> (47 bytes)
Event: 7.580 Thread 0x000001d527968790 nmethod 2076 0x000001d51224f110 code [0x000001d51224f300, 0x000001d51224f768]
Event: 7.623 Thread 0x000001d527968790 2077       3       org.gradle.internal.service.DefaultServiceRegistry$SingletonService::getAll (23 bytes)
Event: 7.623 Thread 0x000001d527968790 nmethod 2077 0x000001d51224f990 code [0x000001d51224fb60, 0x000001d51224fde8]
Event: 7.670 Thread 0x000001d527968790 2079       3       java.lang.invoke.InvokerBytecodeGenerator::storeInsnOpcode (87 bytes)
Event: 7.671 Thread 0x000001d527968790 nmethod 2079 0x000001d51224ff10 code [0x000001d512250160, 0x000001d512250ab8]
Event: 7.671 Thread 0x000001d527968790 2081       3       java.lang.Class::privateGetDeclaredMethods (64 bytes)
Event: 7.672 Thread 0x000001d527968790 nmethod 2081 0x000001d512250e10 code [0x000001d512251020, 0x000001d5122517f8]
Event: 7.672 Thread 0x000001d527968790 2082       3       java.util.LinkedList$ListItr::remove (84 bytes)
Event: 7.673 Thread 0x000001d527968790 nmethod 2082 0x000001d512251a10 code [0x000001d512251c00, 0x000001d512252088]
Event: 7.673 Thread 0x000001d527968790 2083       3       java.util.LinkedList::unlink (91 bytes)
Event: 7.673 Thread 0x000001d527968790 nmethod 2083 0x000001d512252290 code [0x000001d512252440, 0x000001d512252818]
Event: 7.723 Thread 0x000001d527968790 2084   !   3       org.gradle.internal.classloader.TransformingClassLoader::findClass (203 bytes)
Event: 7.726 Thread 0x000001d527968790 nmethod 2084 0x000001d512252990 code [0x000001d512252e40, 0x000001d512255178]
Event: 7.726 Thread 0x000001d527968790 2085       3       org.gradle.initialization.MixInLegacyTypesClassLoader::shouldTransform (42 bytes)
Event: 7.727 Thread 0x000001d527968790 nmethod 2085 0x000001d512255f10 code [0x000001d5122560e0, 0x000001d512256518]
Event: 7.742 Thread 0x000001d527968790 2086       3       java.lang.Package$VersionInfo::<init> (44 bytes)
Event: 7.743 Thread 0x000001d527968790 nmethod 2086 0x000001d512256690 code [0x000001d512256840, 0x000001d512256c38]

GC Heap History (6 events):
Event: 0.647 GC heap before
{Heap before GC invocations=0 (full 0):
 garbage-first heap   total 126976K, used 15360K [0x0000000080000000, 0x0000000100000000)
  region size 1024K, 13 young (13312K), 0 survivors (0K)
 Metaspace       used 1104K, capacity 4857K, committed 5120K, reserved 524288K
  class space    used 89K, capacity 467K, committed 512K, reserved 516096K
}
Event: 0.651 GC heap after
{Heap after GC invocations=1 (full 0):
 garbage-first heap   total 126976K, used 3220K [0x0000000080000000, 0x0000000100000000)
  region size 1024K, 2 young (2048K), 2 survivors (2048K)
 Metaspace       used 1104K, capacity 4857K, committed 5120K, reserved 524288K
  class space    used 89K, capacity 467K, committed 512K, reserved 516096K
}
Event: 1.456 GC heap before
{Heap before GC invocations=1 (full 0):
 garbage-first heap   total 126976K, used 20628K [0x0000000080000000, 0x0000000100000000)
  region size 1024K, 16 young (16384K), 2 survivors (2048K)
 Metaspace       used 3391K, capacity 6150K, committed 6400K, reserved 524288K
  class space    used 414K, capacity 706K, committed 768K, reserved 516096K
}
Event: 1.461 GC heap after
{Heap after GC invocations=2 (full 0):
 garbage-first heap   total 126976K, used 9194K [0x0000000080000000, 0x0000000100000000)
  region size 1024K, 2 young (2048K), 2 survivors (2048K)
 Metaspace       used 3391K, capacity 6150K, committed 6400K, reserved 524288K
  class space    used 414K, capacity 706K, committed 768K, reserved 516096K
}
Event: 2.802 GC heap before
{Heap before GC invocations=2 (full 0):
 garbage-first heap   total 126976K, used 32746K [0x0000000080000000, 0x0000000100000000)
  region size 1024K, 25 young (25600K), 2 survivors (2048K)
 Metaspace       used 4275K, capacity 6729K, committed 7040K, reserved 524288K
  class space    used 508K, capacity 771K, committed 896K, reserved 516096K
}
Event: 2.806 GC heap after
{Heap after GC invocations=3 (full 0):
 garbage-first heap   total 126976K, used 9906K [0x0000000080000000, 0x0000000100000000)
  region size 1024K, 3 young (3072K), 3 survivors (3072K)
 Metaspace       used 4275K, capacity 6729K, committed 7040K, reserved 524288K
  class space    used 508K, capacity 771K, committed 896K, reserved 516096K
}

Deoptimization events (20 events):
Event: 6.202 Thread 0x000001d5283a59b0 Uncommon trap: trap_request=0xffffff45 fr.pc=0x000001d51944cf00 relative=0x00000000000006c0
Event: 6.202 Thread 0x000001d5283a59b0 Uncommon trap: reason=unstable_if action=reinterpret pc=0x000001d51944cf00 method=java.util.ArrayList.grow(I)[Ljava/lang/Object; @ 17 c2
Event: 6.202 Thread 0x000001d5283a59b0 DEOPT PACKING pc=0x000001d51944cf00 sp=0x000000b3673fcfb0
Event: 6.202 Thread 0x000001d5283a59b0 DEOPT UNPACKING pc=0x000001d5118fe42f sp=0x000000b3673fce48 mode 2
Event: 6.357 Thread 0x000001d5283a59b0 Uncommon trap: trap_request=0xffffff45 fr.pc=0x000001d5193f29b8 relative=0x0000000000000a98
Event: 6.357 Thread 0x000001d5283a59b0 Uncommon trap: reason=unstable_if action=reinterpret pc=0x000001d5193f29b8 method=java.io.WinNTFileSystem.resolve(Ljava/lang/String;Ljava/lang/String;)Ljava/lang/String; @ 19 c2
Event: 6.357 Thread 0x000001d5283a59b0 DEOPT PACKING pc=0x000001d5193f29b8 sp=0x000000b3673fced0
Event: 6.357 Thread 0x000001d5283a59b0 DEOPT UNPACKING pc=0x000001d5118fe42f sp=0x000000b3673fce68 mode 2
Event: 6.372 Thread 0x000001d5283a59b0 Uncommon trap: trap_request=0xffffffc6 fr.pc=0x000001d5193fdb24 relative=0x0000000000000084
Event: 6.372 Thread 0x000001d5283a59b0 Uncommon trap: reason=bimorphic_or_optimized_type_check action=maybe_recompile pc=0x000001d5193fdb24 method=java.util.AbstractList$Itr.hasNext()Z @ 8 c2
Event: 6.372 Thread 0x000001d5283a59b0 DEOPT PACKING pc=0x000001d5193fdb24 sp=0x000000b3673fc350
Event: 6.372 Thread 0x000001d5283a59b0 DEOPT UNPACKING pc=0x000001d5118fe42f sp=0x000000b3673fc2e8 mode 2
Event: 6.372 Thread 0x000001d5283a59b0 Uncommon trap: trap_request=0xffffffc6 fr.pc=0x000001d5193fdeb4 relative=0x0000000000000114
Event: 6.372 Thread 0x000001d5283a59b0 Uncommon trap: reason=bimorphic_or_optimized_type_check action=maybe_recompile pc=0x000001d5193fdeb4 method=java.util.AbstractList$Itr.next()Ljava/lang/Object; @ 14 c2
Event: 6.372 Thread 0x000001d5283a59b0 DEOPT PACKING pc=0x000001d5193fdeb4 sp=0x000000b3673fc340
Event: 6.372 Thread 0x000001d5283a59b0 DEOPT UNPACKING pc=0x000001d5118fe42f sp=0x000000b3673fc2d8 mode 2
Event: 6.373 Thread 0x000001d5283a59b0 Uncommon trap: trap_request=0xffffff45 fr.pc=0x000001d5193f4ff8 relative=0x00000000000005b8
Event: 6.373 Thread 0x000001d5283a59b0 Uncommon trap: reason=unstable_if action=reinterpret pc=0x000001d5193f4ff8 method=java.io.File.getName()Ljava/lang/String; @ 16 c2
Event: 6.373 Thread 0x000001d5283a59b0 DEOPT PACKING pc=0x000001d5193f4ff8 sp=0x000000b3673fce60
Event: 6.373 Thread 0x000001d5283a59b0 DEOPT UNPACKING pc=0x000001d5118fe42f sp=0x000000b3673fce30 mode 2

Classes unloaded (0 events):
No events

Classes redefined (0 events):
No events

Internal exceptions (20 events):
Event: 4.425 Thread 0x000001d509676fb0 Exception <a 'java/lang/NoSuchMethodError'{0x0000000085cb8710}: 'void java.lang.invoke.DirectMethodHandle$Holder.invokeStatic(java.lang.Object, java.lang.Object)'> (0x0000000085cb8710) 
thrown [./open/src/hotspot/share/interpreter/linkResolver.cpp, line 782]
Event: 4.426 Thread 0x000001d509676fb0 Exception <a 'java/lang/NoSuchMethodError'{0x0000000085cbc118}: 'void java.lang.invoke.DirectMethodHandle$Holder.invokeStaticInit(java.lang.Object, java.lang.Object)'> (0x0000000085cbc118) 
thrown [./open/src/hotspot/share/interpreter/linkResolver.cpp, line 782]
Event: 4.435 Thread 0x000001d509676fb0 Exception <a 'java/lang/NoSuchMethodError'{0x0000000085ce8f00}: 'java.lang.Object java.lang.invoke.DirectMethodHandle$Holder.invokeStaticInit(java.lang.Object, int, int, int, int)'> (0x0000000085ce8f00) 
thrown [./open/src/hotspot/share/interpreter/linkResolver.cpp, line 782]
Event: 4.494 Thread 0x000001d509676fb0 Exception <a 'java/lang/NoSuchMethodError'{0x0000000085b7f828}: 'java.lang.Object java.lang.invoke.DirectMethodHandle$Holder.invokeStaticInit(java.lang.Object, java.lang.Object, int, int, int, int)'> (0x0000000085b7f828) 
thrown [./open/src/hotspot/share/interpreter/linkResolver.cpp, line 782]
Event: 4.880 Thread 0x000001d509676fb0 Exception <a 'java/lang/NoSuchMethodError'{0x00000000859154e8}: 'void java.lang.invoke.DirectMethodHandle$Holder.invokeStatic(java.lang.Object, java.lang.Object, java.lang.Object)'> (0x00000000859154e8) 
thrown [./open/src/hotspot/share/interpreter/linkResolver.cpp, line 782]
Event: 4.939 Thread 0x000001d509676fb0 Exception <a 'java/io/IOException'{0x00000000859c1990}> (0x00000000859c1990) 
thrown [./open/src/hotspot/share/prims/jni.cpp, line 578]
Event: 5.324 Thread 0x000001d5283a59b0 Exception <a 'java/lang/NoSuchMethodError'{0x00000000854babc8}: 'long java.lang.invoke.DirectMethodHandle$Holder.invokeInterface(java.lang.Object, java.lang.Object)'> (0x00000000854babc8) 
thrown [./open/src/hotspot/share/interpreter/linkResolver.cpp, line 782]
Event: 5.327 Thread 0x000001d5283a59b0 Exception <a 'java/lang/NoSuchMethodError'{0x00000000854c98e8}: 'void java.lang.invoke.DelegatingMethodHandle$Holder.reinvoke_L(java.lang.Object, java.lang.Object, java.lang.Object, java.lang.Object, java.lang.Object, java.lang.Object, java.lang.Object)'> (0x00000000854c98e8) 
thrown [./open/src/hotspot/share/interpreter/linkResolver.cpp, line 782]
Event: 5.895 Thread 0x000001d5283a59b0 Exception <a 'java/lang/NoSuchMethodError'{0x0000000084f3c6b0}: 'void java.lang.invoke.DirectMethodHandle$Holder.invokeStaticInit(java.lang.Object)'> (0x0000000084f3c6b0) 
thrown [./open/src/hotspot/share/interpreter/linkResolver.cpp, line 782]
Event: 5.986 Thread 0x000001d5283a59b0 Exception <a 'java/lang/NoSuchMethodError'{0x0000000084fee260}: 'java.lang.Object java.lang.invoke.DirectMethodHandle$Holder.newInvokeSpecial(java.lang.Object, java.lang.Object, java.lang.Object, int)'> (0x0000000084fee260) 
thrown [./open/src/hotspot/share/interpreter/linkResolver.cpp, line 782]
Event: 5.987 Thread 0x000001d5283a59b0 Exception <a 'java/lang/NoSuchMethodError'{0x0000000084ff2c98}: 'java.lang.Object java.lang.invoke.DirectMethodHandle$Holder.invokeSpecial(java.lang.Object, java.lang.Object, java.lang.Object, java.lang.Object, int)'> (0x0000000084ff2c98) 
thrown [./open/src/hotspot/share/interpreter/linkResolver.cpp, line 782]
Event: 5.988 Thread 0x000001d5283a59b0 Exception <a 'java/lang/NoSuchMethodError'{0x0000000084ff6fa8}: 'java.lang.Object java.lang.invoke.Invokers$Holder.linkToTargetMethod(java.lang.Object, java.lang.Object, int, java.lang.Object)'> (0x0000000084ff6fa8) 
thrown [./open/src/hotspot/share/interpreter/linkResolver.cpp, line 782]
Event: 6.506 Thread 0x000001d5283a59b0 Exception <a 'java/lang/NoSuchMethodError'{0x000000008477e478}: 'java.lang.Object java.lang.invoke.DirectMethodHandle$Holder.newInvokeSpecial(java.lang.Object, java.lang.Object, java.lang.Object, java.lang.Object, java.lang.Object, java.lang.Object)'> (0x000000008477e478) 
thrown [./open/src/hotspot/share/interpreter/linkResolver.cpp, line 782]
Event: 7.072 Thread 0x000001d5283a59b0 Exception <a 'java/lang/NoSuchMethodError'{0x0000000084193040}: 'int java.lang.invoke.DirectMethodHandle$Holder.invokeSpecialIFC(java.lang.Object, java.lang.Object, java.lang.Object, java.lang.Object)'> (0x0000000084193040) 
thrown [./open/src/hotspot/share/interpreter/linkResolver.cpp, line 782]
Event: 7.076 Thread 0x000001d5283a59b0 Exception <a 'java/lang/NoSuchMethodError'{0x00000000841a29b0}: 'java.lang.Object java.lang.invoke.DirectMethodHandle$Holder.invokeInterface(java.lang.Object, java.lang.Object, java.lang.Object)'> (0x00000000841a29b0) 
thrown [./open/src/hotspot/share/interpreter/linkResolver.cpp, line 782]
Event: 7.077 Thread 0x000001d5283a59b0 Exception <a 'java/lang/IncompatibleClassChangeError'{0x00000000841a6798}: Found class java.lang.Object, but interface was expected> (0x00000000841a6798) 
thrown [./open/src/hotspot/share/interpreter/linkResolver.cpp, line 848]
Event: 7.325 Thread 0x000001d5283a59b0 Exception <a 'java/lang/NoSuchMethodError'{0x0000000083e73890}: 'int java.lang.invoke.DirectMethodHandle$Holder.invokeStatic(java.lang.Object, java.lang.Object, java.lang.Object, java.lang.Object)'> (0x0000000083e73890) 
thrown [./open/src/hotspot/share/interpreter/linkResolver.cpp, line 782]
Event: 7.326 Thread 0x000001d5283a59b0 Exception <a 'java/lang/NoSuchMethodError'{0x0000000083e77938}: 'java.lang.Object java.lang.invoke.Invokers$Holder.invokeExact_MT(java.lang.Object, java.lang.Object, java.lang.Object, java.lang.Object, java.lang.Object, java.lang.Object)'> (0x0000000083e77938) 
thrown [./open/src/hotspot/share/interpreter/linkResolver.cpp, line 782]
Event: 7.576 Thread 0x000001d5283a59b0 Exception <a 'java/lang/NoSuchMethodError'{0x0000000083ce9b28}: 'void java.lang.invoke.DirectMethodHandle$Holder.invokeSpecial(java.lang.Object, java.lang.Object, java.lang.Object, java.lang.Object, java.lang.Object)'> (0x0000000083ce9b28) 
thrown [./open/src/hotspot/share/interpreter/linkResolver.cpp, line 782]
Event: 7.670 Thread 0x000001d5283a59b0 Exception <a 'java/lang/NoSuchMethodError'{0x0000000083a65478}: 'java.lang.Object java.lang.invoke.DirectMethodHandle$Holder.invokeSpecial(java.lang.Object, java.lang.Object, java.lang.Object, java.lang.Object, java.lang.Object, java.lang.Object, java.lang.Object, java.lang.Object, java.lang.Object)'> (0x0000000083a65478) 
thrown [./open/src/hotspot/share/interpreter/linkResolver.cpp, line 782]

Events (20 events):
Event: 7.047 loading class java/nio/file/attribute/PosixFilePermissions$1
Event: 7.047 loading class java/nio/file/attribute/PosixFilePermissions$1 done
Event: 7.066 loading class java/util/concurrent/locks/ReadWriteLock
Event: 7.066 loading class java/util/concurrent/locks/ReadWriteLock done
Event: 7.069 loading class java/nio/file/FileVisitOption
Event: 7.069 loading class java/nio/file/FileVisitOption done
Event: 7.078 loading class java/util/stream/ReduceOps$1
Event: 7.079 loading class java/util/stream/ReduceOps$1 done
Event: 7.079 loading class java/util/stream/ReduceOps$1ReducingSink
Event: 7.079 loading class java/util/stream/ReduceOps$1ReducingSink done
Event: 7.109 loading class java/io/ObjectOutputStream
Event: 7.109 loading class java/io/ObjectOutput
Event: 7.109 loading class java/io/ObjectOutput done
Event: 7.109 loading class java/io/ObjectStreamConstants
Event: 7.110 loading class java/io/ObjectStreamConstants done
Event: 7.110 loading class java/io/ObjectOutputStream done
Event: 7.111 loading class java/io/ObjectInputStream
Event: 7.118 loading class java/io/ObjectInput
Event: 7.118 loading class java/io/ObjectInput done
Event: 7.118 loading class java/io/ObjectInputStream done


Dynamic libraries:
0x00007ff6fb6d0000 - 0x00007ff6fb6df000 	C:\Program Files\java\jdk-15\bin\java.exe
0x00007fffee4b0000 - 0x00007fffee6a8000 	C:\WINDOWS\SYSTEM32\ntdll.dll
0x00007fffed2c0000 - 0x00007fffed37d000 	C:\WINDOWS\System32\KERNEL32.DLL
0x00007fffebd70000 - 0x00007fffec03e000 	C:\WINDOWS\System32\KERNELBASE.dll
0x00007fffec0b0000 - 0x00007fffec1b0000 	C:\WINDOWS\System32\ucrtbase.dll
0x00007fffcf7e0000 - 0x00007fffcf7f8000 	C:\Program Files\java\jdk-15\bin\jli.dll
0x00007fffd0900000 - 0x00007fffd0919000 	C:\Program Files\java\jdk-15\bin\VCRUNTIME140.dll
0x00007fffee3c0000 - 0x00007fffee46e000 	C:\WINDOWS\System32\ADVAPI32.dll
0x00007fffed3f0000 - 0x00007fffed48e000 	C:\WINDOWS\System32\msvcrt.dll
0x00007fffede60000 - 0x00007fffedefc000 	C:\WINDOWS\System32\sechost.dll
0x00007fffed490000 - 0x00007fffed5b5000 	C:\WINDOWS\System32\RPCRT4.dll
0x00007fffee0b0000 - 0x00007fffee250000 	C:\WINDOWS\System32\USER32.dll
0x00007fffec290000 - 0x00007fffec2b2000 	C:\WINDOWS\System32\win32u.dll
0x00007fffd1c80000 - 0x00007fffd1f1a000 	C:\WINDOWS\WinSxS\amd64_microsoft.windows.common-controls_6595b64144ccf1df_6.0.19041.1110_none_60b5254171f9507e\COMCTL32.dll
0x00007fffecfc0000 - 0x00007fffecfea000 	C:\WINDOWS\System32\GDI32.dll
0x00007fffebbd0000 - 0x00007fffebcdb000 	C:\WINDOWS\System32\gdi32full.dll
0x00007fffec310000 - 0x00007fffec3ad000 	C:\WINDOWS\System32\msvcp_win.dll
0x00007fffe1d50000 - 0x00007fffe1d5a000 	C:\WINDOWS\SYSTEM32\VERSION.dll
0x00007fffed930000 - 0x00007fffed960000 	C:\WINDOWS\System32\IMM32.DLL
0x00007fffe6650000 - 0x00007fffe665c000 	C:\Program Files\java\jdk-15\bin\vcruntime140_1.dll
0x00007fffaf260000 - 0x00007fffaf2f1000 	C:\Program Files\java\jdk-15\bin\msvcp140.dll
0x00007fffa2a00000 - 0x00007fffa355c000 	C:\Program Files\java\jdk-15\bin\server\jvm.dll
0x00007fffed130000 - 0x00007fffed138000 	C:\WINDOWS\System32\PSAPI.DLL
0x00007fffe7060000 - 0x00007fffe7069000 	C:\WINDOWS\SYSTEM32\WSOCK32.dll
0x00007fffed380000 - 0x00007fffed3eb000 	C:\WINDOWS\System32\WS2_32.dll
0x00007fffdfd30000 - 0x00007fffdfd57000 	C:\WINDOWS\SYSTEM32\WINMM.dll
0x00007fffe99e0000 - 0x00007fffe99f2000 	C:\WINDOWS\SYSTEM32\kernel.appcore.dll
0x00007fffd5160000 - 0x00007fffd516a000 	C:\Program Files\java\jdk-15\bin\jimage.dll
0x00007fffe4150000 - 0x00007fffe4334000 	C:\WINDOWS\SYSTEM32\DBGHELP.DLL
0x00007fffe4450000 - 0x00007fffe447c000 	C:\WINDOWS\SYSTEM32\dbgcore.DLL
0x00007fffebce0000 - 0x00007fffebd62000 	C:\WINDOWS\System32\bcryptPrimitives.dll
0x00007fffce5a0000 - 0x00007fffce5c5000 	C:\Program Files\java\jdk-15\bin\java.dll
0x00007fffec6c0000 - 0x00007fffece03000 	C:\WINDOWS\System32\SHELL32.dll
0x00007fffe9cc0000 - 0x00007fffea455000 	C:\WINDOWS\SYSTEM32\windows.storage.dll
0x00007fffed5d0000 - 0x00007fffed924000 	C:\WINDOWS\System32\combase.dll
0x00007fffeb630000 - 0x00007fffeb660000 	C:\WINDOWS\SYSTEM32\Wldp.dll
0x00007fffed140000 - 0x00007fffed1ed000 	C:\WINDOWS\System32\SHCORE.dll
0x00007fffec650000 - 0x00007fffec6a5000 	C:\WINDOWS\System32\shlwapi.dll
0x00007fffebb10000 - 0x00007fffebb2f000 	C:\WINDOWS\SYSTEM32\profapi.dll
0x00007fffcbb90000 - 0x00007fffcbba9000 	C:\Program Files\java\jdk-15\bin\net.dll
0x00007fffe2f10000 - 0x00007fffe301a000 	C:\WINDOWS\SYSTEM32\WINHTTP.dll
0x00007fffeb390000 - 0x00007fffeb3fa000 	C:\WINDOWS\system32\mswsock.dll
0x00007fffc8680000 - 0x00007fffc8692000 	C:\Program Files\java\jdk-15\bin\nio.dll
0x00007fffc8660000 - 0x00007fffc8678000 	C:\Program Files\java\jdk-15\bin\zip.dll
0x00007fffd40e0000 - 0x00007fffd40f0000 	C:\Program Files\java\jdk-15\bin\verify.dll
0x00007fffbbac0000 - 0x00007fffbbae7000 	C:\Users\Osama Shabbir\.gradle\native\e1d6ef7f7dcc3fd88c89a11ec53ec762bb8ba0a96d01ffa2cd45eb1d1d8dd5c5\windows-amd64\native-platform.dll
0x00007fffa74a0000 - 0x00007fffa75e4000 	C:\Users\Osama Shabbir\.gradle\native\0d407fdbe67a94daf76414ababcb853783967236a71b16ec16e742cd7a986fd3\windows-amd64\native-platform-file-events.dll
0x00007fffe7160000 - 0x00007fffe7169000 	C:\Program Files\java\jdk-15\bin\management.dll
0x00007fffe7150000 - 0x00007fffe715b000 	C:\Program Files\java\jdk-15\bin\management_ext.dll
0x00007fffeb580000 - 0x00007fffeb598000 	C:\WINDOWS\SYSTEM32\CRYPTSP.dll
0x00007fffeac40000 - 0x00007fffeac74000 	C:\WINDOWS\system32\rsaenh.dll
0x00007fffec260000 - 0x00007fffec287000 	C:\WINDOWS\System32\bcrypt.dll
0x00007fffebad0000 - 0x00007fffebafe000 	C:\WINDOWS\SYSTEM32\USERENV.dll
0x00007fffeb5a0000 - 0x00007fffeb5ac000 	C:\WINDOWS\SYSTEM32\CRYPTBASE.dll
0x00007fffeb030000 - 0x00007fffeb06b000 	C:\WINDOWS\SYSTEM32\IPHLPAPI.DLL
0x00007fffec6b0000 - 0x00007fffec6b8000 	C:\WINDOWS\System32\NSI.dll
0x00007fffe5ae0000 - 0x00007fffe5af7000 	C:\WINDOWS\SYSTEM32\dhcpcsvc6.DLL
0x00007fffe6310000 - 0x00007fffe632d000 	C:\WINDOWS\SYSTEM32\dhcpcsvc.DLL
0x00007fffeb070000 - 0x00007fffeb13a000 	C:\WINDOWS\SYSTEM32\DNSAPI.dll

dbghelp: loaded successfully - version: 4.0.5 - missing functions: none
symbol engine: initialized successfully - sym options: 0x614 - pdb path: .;C:\Program Files\java\jdk-15\bin;C:\WINDOWS\SYSTEM32;C:\WINDOWS\WinSxS\amd64_microsoft.windows.common-controls_6595b64144ccf1df_6.0.19041.1110_none_60b5254171f9507e;C:\Program Files\java\jdk-15\bin\server;C:\Users\Osama Shabbir\.gradle\native\e1d6ef7f7dcc3fd88c89a11ec53ec762bb8ba0a96d01ffa2cd45eb1d1d8dd5c5\windows-amd64;C:\Users\Osama Shabbir\.gradle\native\0d407fdbe67a94daf76414ababcb853783967236a71b16ec16e742cd7a986fd3\windows-amd64

VM Arguments:
jvm_args: -XX:MaxMetaspaceSize=512m --add-opens=java.base/java.util=ALL-UNNAMED --add-opens=java.base/java.lang=ALL-UNNAMED --add-opens=java.base/java.lang.invoke=ALL-UNNAMED --add-opens=java.base/java.util=ALL-UNNAMED --add-opens=java.prefs/java.util.prefs=ALL-UNNAMED --add-opens=java.prefs/java.util.prefs=ALL-UNNAMED --add-opens=java.base/java.nio.charset=ALL-UNNAMED --add-opens=java.base/java.net=ALL-UNNAMED --add-opens=java.base/java.util.concurrent.atomic=ALL-UNNAMED -Xmx2048m -Dfile.encoding=windows-1252 -Duser.country=US -Duser.language=en -Duser.variant 
java_command: org.gradle.launcher.daemon.bootstrap.GradleDaemon 7.5.1
java_class_path (initial): C:\Users\Osama Shabbir\.gradle\wrapper\dists\gradle-7.5.1-all\1ehga6e77gqps5uk2kc5kf1vc\gradle-7.5.1\lib\gradle-launcher-7.5.1.jar
Launcher Type: SUN_STANDARD

[Global flags]
     intx CICompilerCount                          = 3                                         {product} {ergonomic}
   size_t CompressedClassSpaceSize                 = 528482304                                 {product} {ergonomic}
     uint ConcGCThreads                            = 1                                         {product} {ergonomic}
     uint G1ConcRefinementThreads                  = 4                                         {product} {ergonomic}
   size_t G1HeapRegionSize                         = 1048576                                   {product} {ergonomic}
    uintx GCDrainStackTargetSize                   = 64                                        {product} {ergonomic}
   size_t InitialHeapSize                          = 130023424                                 {product} {ergonomic}
   size_t MarkStackSize                            = 4194304                                   {product} {ergonomic}
   size_t MaxHeapSize                              = 2147483648                                {product} {command line}
   size_t MaxMetaspaceSize                         = 536870912                                 {product} {command line}
   size_t MaxNewSize                               = 1287651328                                {product} {ergonomic}
   size_t MinHeapDeltaBytes                        = 1048576                                   {product} {ergonomic}
   size_t MinHeapSize                              = 8388608                                   {product} {ergonomic}
    uintx NonNMethodCodeHeapSize                   = 5832780                                {pd product} {ergonomic}
    uintx NonProfiledCodeHeapSize                  = 122912730                              {pd product} {ergonomic}
    uintx ProfiledCodeHeapSize                     = 122912730                              {pd product} {ergonomic}
    uintx ReservedCodeCacheSize                    = 251658240                              {pd product} {ergonomic}
     bool SegmentedCodeCache                       = true                                      {product} {ergonomic}
   size_t SoftMaxHeapSize                          = 2147483648                             {manageable} {ergonomic}
     bool UseCompressedClassPointers               = true                                 {lp64_product} {ergonomic}
     bool UseCompressedOops                        = true                                 {lp64_product} {ergonomic}
     bool UseG1GC                                  = true                                      {product} {ergonomic}
     bool UseLargePagesIndividualAllocation        = false                                  {pd product} {ergonomic}

Logging:
Log output configuration:
 #0: stdout all=warning uptime,level,tags
 #1: stderr all=off uptime,level,tags

Environment Variables:
JAVA_HOME=C:\Program Files\java\jdk-15
CLASSPATH=F:\ReactNative\whatsappclone\android\\gradle\wrapper\gradle-wrapper.jar
PATH=F:\ReactNative\whatsappclone\android\node_modules\.bin;F:\ReactNative\whatsappclone\node_modules\.bin;F:\ReactNative\node_modules\.bin;F:\node_modules\.bin;C:\Program Files\nodejs;F:\ReactNative\whatsappclone\node_modules\.bin;F:\ReactNative\whatsappclone\node_modules\.bin;F:\ReactNative\node_modules\.bin;F:\node_modules\.bin;C:\Users\Osama Shabbir\AppData\Roaming\npm\node_modules\npm\node_modules\@npmcli\run-script\lib\node-gyp-bin;C:\WINDOWS\system32;C:\WINDOWS;C:\WINDOWS\System32\Wbem;C:\WINDOWS\System32\WindowsPowerShell\v1.0\;C:\WINDOWS\System32\OpenSSH\;C:\Program Files\dotnet\;F:\Git\cmd;C:\Program Files\java\jdk-15\bin;F:\Nodejs;C:\Program Files\nodejs\;C:\Program Files\MySQL\MySQL Shell 8.0\bin\;C:\Users\Osama Shabbir\Flutter\bin;C:\Users\Osama Shabbir\AppData\Local\Programs\Microsoft VS Code\bin;C:\Users\Osama Shabbir\AppData\Local\Microsoft\WindowsApps;C:\Program Files\MongoDB\Server\4.4\bin;C:\mingw-w64\i686-8.1.0-posix-dwarf-rt_v6-rev0\mingw32\bin;C:\Users\Osama Shabbir\AppData\Local\GitHubDesktop\bin;C:\Users\Osama Shabbir\Flutter\.pub-cache\bin;C:\Program Files\PostgreSQL\14\bin;C:\Users\Osama Shabbir\platform-tools_r33.0.2-windows\platform-tools;C:\Users\Osama Shabbir\AppData\Roaming\npm
USERNAME=Osama Shabbir
LANG=en_US.UTF-8
OS=Windows_NT
PROCESSOR_IDENTIFIER=Intel64 Family 6 Model 61 Stepping 4, GenuineIntel



---------------  S Y S T E M  ---------------

OS:
 Windows 10 , 64 bit Build 19041 (10.0.19041.1889)
OS uptime: 2 days 6:47 hours

CPU: total 4 (initial active 4) (2 cores per cpu, 2 threads per core) family 6 model 61 stepping 4, cmov, cx8, fxsr, mmx, sse, sse2, sse3, ssse3, sse4.1, sse4.2, popcnt, vzeroupper, avx, avx2, aes, clmul, erms, rtm, 3dnowpref, lzcnt, ht, tsc, tscinvbit, bmi1, bmi2, adx, fma, clflush

Memory: 4k page, system-wide physical 7887M (1502M free)
TotalPageFile size 9935M (AvailPageFile size 3M)
current process WorkingSet (physical memory assigned to process): 177M, peak: 177M
current process commit charge ("private bytes"): 270M, peak: 270M

vm_info: Java HotSpot(TM) 64-Bit Server VM (15+36-1562) for windows-amd64 JRE (15+36-1562), built on Aug 11 2020 22:38:02 by "mach5one" with unknown MS VC++:1925

END.
