#
# There is insufficient memory for the Java Runtime Environment to continue.
# Native memory allocation (malloc) failed to allocate 1048576 bytes for AllocateHeap
# Possible reasons:
#   The system is out of physical RAM or swap space
#   The process is running with CompressedOops enabled, and the Java Heap may be blocking the growth of the native heap
# Possible solutions:
#   Reduce memory load on the system
#   Increase physical memory or swap space
#   Check if swap backing store is full
#   Decrease Java heap size (-Xmx/-Xms)
#   Decrease number of Java threads
#   Decrease Java thread stack sizes (-Xss)
#   Set larger code cache with -XX:ReservedCodeCacheSize=
#   JVM is running with Unscaled Compressed Oops mode in which the Java heap is
#     placed in the first 4GB address space. The Java Heap base address is the
#     maximum limit for the native heap growth. Please use -XX:HeapBaseMinAddress
#     to set the Java Heap base and to place the Java Heap above 4GB virtual address.
# This output file may be truncated or incomplete.
#
#  Out of Memory Error (./open/src/hotspot/share/memory/allocation.cpp:44), pid=1900, tid=5576
#
# JRE version:  (15.0+36) (build )
# Java VM: Java HotSpot(TM) 64-Bit Server VM (15+36-1562, mixed mode, sharing, tiered, compressed oops, g1 gc, windows-amd64)
# No core dump will be written. Minidumps are not enabled by default on client versions of Windows
#

---------------  S U M M A R Y ------------

Command Line: org.jetbrains.kotlin.cli.jvm.K2JVMCompiler @F:\ReactNative\whatsappclone\node_modules\react-native-pager-view\android\build\20220917_15312977417123929614.compiler.options

Host: Intel(R) Core(TM) i5-5300U CPU @ 2.30GHz, 4 cores, 7G,  Windows 10 , 64 bit Build 19041 (10.0.19041.1889)
Time: Sat Sep 17 13:07:48 2022 Pakistan Standard Time elapsed time: 0.023342 seconds (0d 0h 0m 0s)

---------------  T H R E A D  ---------------

Current thread (0x000002aff9857c70):  JavaThread "Unknown thread" [_thread_in_vm, id=5576, stack(0x000000b829f00000,0x000000b82a000000)]

Stack: [0x000000b829f00000,0x000000b82a000000]
Native frames: (J=compiled Java code, j=interpreted, Vv=VM code, C=native code)
V  [jvm.dll+0x629eaa]
V  [jvm.dll+0x780379]
V  [jvm.dll+0x781ad3]
V  [jvm.dll+0x782133]
V  [jvm.dll+0x2159d5]
V  [jvm.dll+0x8ea92]
V  [jvm.dll+0x2b0305]
V  [jvm.dll+0x2a7a5e]
V  [jvm.dll+0x75d0f1]
V  [jvm.dll+0x333af4]
V  [jvm.dll+0x73d816]
V  [jvm.dll+0x3b68e7]
V  [jvm.dll+0x3b8371]
C  [jli.dll+0x52fb]
C  [ucrtbase.dll+0x21bb2]
C  [KERNEL32.DLL+0x17034]
C  [ntdll.dll+0x526a1]


---------------  P R O C E S S  ---------------

Threads class SMR info:
_java_thread_list=0x00007fffa62f2fa0, length=0, elements={
}

Java Threads: ( => current thread )

Other Threads:
  0x000002aff9894c50 GCTaskThread "GC Thread#0" [stack: 0x000000b82a100000,0x000000b82a200000] [id=2352]

[error occurred during error reporting (printing all threads), id 0xc0000005, EXCEPTION_ACCESS_VIOLATION (0xc0000005) at pc=0x00007fffa5ae4d30]

VM state: not at safepoint (not fully initialized)

VM Mutex/Monitor currently owned by a thread:  ([mutex/lock_event])
[0x000002aff9853540] Heap_lock - owner thread: 0x000002aff9857c70

Heap address: 0x0000000084c00000, size: 1972 MB, Compressed Oops mode: 32-bit
CDS archive(s) mapped at: [0x0000000000000000-0x0000000000000000-0x0000000000000000), size 0, SharedBaseAddress: 0x0000000800000000, ArchiveRelocationMode: 0.
Narrow klass base: 0x0000000000000000, Narrow klass shift: 0, Narrow klass range: 0x0

Heap:
 garbage-first heap   total 0K, used 0K [0x0000000084c00000, 0x0000000100000000)
  region size 1024K, 0 young (0K), 0 survivors (0K)
 Metaspace       used 0K, capacity 0K, committed 0K, reserved 0K
  class space    used 0K, capacity 0K, committed 0K, reserved 0K

Heap Regions: E=young(eden), S=young(survivor), O=old, HS=humongous(starts), HC=humongous(continues), CS=collection set, F=free, OA=open archive, CA=closed archive, TAMS=top-at-mark-start (previous, next)

Card table byte_map: [0x000002aff9d10000,0x000002affa0f0000] _byte_map_base: 0x000002aff98ea000

GC Heap History (0 events):
No events

Deoptimization events (0 events):
No events

Classes unloaded (0 events):
No events

Classes redefined (0 events):
No events

Internal exceptions (0 events):
No events

Events (1 events):
Event: 0.011 Loaded shared library C:\Program Files\java\jdk-15\bin\java.dll


Dynamic libraries:
0x00007ff70d790000 - 0x00007ff70d79f000 	C:\Program Files\java\jdk-15\bin\java.exe
0x00007fffee4b0000 - 0x00007fffee6a8000 	C:\WINDOWS\SYSTEM32\ntdll.dll
0x00007fffed2c0000 - 0x00007fffed37d000 	C:\WINDOWS\System32\KERNEL32.DLL
0x00007fffebd70000 - 0x00007fffec03e000 	C:\WINDOWS\System32\KERNELBASE.dll
0x00007fffec0b0000 - 0x00007fffec1b0000 	C:\WINDOWS\System32\ucrtbase.dll
0x00007fffc52b0000 - 0x00007fffc52c8000 	C:\Program Files\java\jdk-15\bin\jli.dll
0x00007fffee3c0000 - 0x00007fffee46e000 	C:\WINDOWS\System32\ADVAPI32.dll
0x00007fffed3f0000 - 0x00007fffed48e000 	C:\WINDOWS\System32\msvcrt.dll
0x00007fffc5600000 - 0x00007fffc5619000 	C:\Program Files\java\jdk-15\bin\VCRUNTIME140.dll
0x00007fffede60000 - 0x00007fffedefc000 	C:\WINDOWS\System32\sechost.dll
0x00007fffed490000 - 0x00007fffed5b5000 	C:\WINDOWS\System32\RPCRT4.dll
0x00007fffd1c80000 - 0x00007fffd1f1a000 	C:\WINDOWS\WinSxS\amd64_microsoft.windows.common-controls_6595b64144ccf1df_6.0.19041.1110_none_60b5254171f9507e\COMCTL32.dll
0x00007fffecfc0000 - 0x00007fffecfea000 	C:\WINDOWS\System32\GDI32.dll
0x00007fffec290000 - 0x00007fffec2b2000 	C:\WINDOWS\System32\win32u.dll
0x00007fffebbd0000 - 0x00007fffebcdb000 	C:\WINDOWS\System32\gdi32full.dll
0x00007fffec310000 - 0x00007fffec3ad000 	C:\WINDOWS\System32\msvcp_win.dll
0x00007fffee0b0000 - 0x00007fffee250000 	C:\WINDOWS\System32\USER32.dll
0x00007fffe1d50000 - 0x00007fffe1d5a000 	C:\WINDOWS\SYSTEM32\VERSION.dll
0x00007fffed930000 - 0x00007fffed960000 	C:\WINDOWS\System32\IMM32.DLL
0x00007fffdcef0000 - 0x00007fffdcefc000 	C:\Program Files\java\jdk-15\bin\vcruntime140_1.dll
0x00007fffad930000 - 0x00007fffad9c1000 	C:\Program Files\java\jdk-15\bin\msvcp140.dll
0x00007fffa5830000 - 0x00007fffa638c000 	C:\Program Files\java\jdk-15\bin\server\jvm.dll
0x00007fffed130000 - 0x00007fffed138000 	C:\WINDOWS\System32\PSAPI.DLL
0x00007fffe7060000 - 0x00007fffe7069000 	C:\WINDOWS\SYSTEM32\WSOCK32.dll
0x00007fffed380000 - 0x00007fffed3eb000 	C:\WINDOWS\System32\WS2_32.dll
0x00007fffdfd30000 - 0x00007fffdfd57000 	C:\WINDOWS\SYSTEM32\WINMM.dll
0x00007fffe99e0000 - 0x00007fffe99f2000 	C:\WINDOWS\SYSTEM32\kernel.appcore.dll
0x00007fffdb040000 - 0x00007fffdb04a000 	C:\Program Files\java\jdk-15\bin\jimage.dll
0x00007fffe4150000 - 0x00007fffe4334000 	C:\WINDOWS\SYSTEM32\DBGHELP.DLL
0x00007fffe4450000 - 0x00007fffe447c000 	C:\WINDOWS\SYSTEM32\dbgcore.DLL
0x00007fffebce0000 - 0x00007fffebd62000 	C:\WINDOWS\System32\bcryptPrimitives.dll
0x00007fffad730000 - 0x00007fffad755000 	C:\Program Files\java\jdk-15\bin\java.dll

dbghelp: loaded successfully - version: 4.0.5 - missing functions: none
symbol engine: initialized successfully - sym options: 0x614 - pdb path: .;C:\Program Files\java\jdk-15\bin;C:\WINDOWS\SYSTEM32;C:\WINDOWS\WinSxS\amd64_microsoft.windows.common-controls_6595b64144ccf1df_6.0.19041.1110_none_60b5254171f9507e;C:\Program Files\java\jdk-15\bin\server

VM Arguments:
java_command: org.jetbrains.kotlin.cli.jvm.K2JVMCompiler @F:\ReactNative\whatsappclone\node_modules\react-native-pager-view\android\build\20220917_15312977417123929614.compiler.options
java_class_path (initial): C:\Users\Osama Shabbir\.gradle\caches\modules-2\files-2.1\org.jetbrains.kotlin\kotlin-compiler-embeddable\1.5.31\cc18c29253541dc57c25c3ef514d63c7953ae1a6\kotlin-compiler-embeddable-1.5.31.jar;C:\Users\Osama Shabbir\.gradle\caches\modules-2\files-2.1\org.jetbrains.kotlin\kotlin-reflect\1.5.31\1523fcd842a47da0820cea772b19c51056fec8a9\kotlin-reflect-1.5.31.jar;C:\Users\Osama Shabbir\.gradle\caches\modules-2\files-2.1\org.jetbrains.kotlin\kotlin-stdlib\1.5.31\6628d61d0f5603568e72d2d5915d2c034b4f1c55\kotlin-stdlib-1.5.31.jar;C:\Users\Osama Shabbir\.gradle\caches\modules-2\files-2.1\org.jetbrains.kotlin\kotlin-script-runtime\1.5.31\aaea854be2cfc06373dfc11be5a6ba9ca5ca84a6\kotlin-script-runtime-1.5.31.jar;C:\Users\Osama Shabbir\.gradle\caches\modules-2\files-2.1\org.jetbrains.kotlin\kotlin-daemon-embeddable\1.5.31\d19b549661e28c62781683dc7c7e34bf416974f1\kotlin-daemon-embeddable-1.5.31.jar;C:\Users\Osama Shabbir\.gradle\caches\modules-2\files-2.1\org.jetbrains.intellij.deps\trove4j\1.0.20181211\216c2e14b070f334479d800987affe4054cd563f\trove4j-1.0.20181211.jar;C:\Users\Osama Shabbir\.gradle\caches\modules-2\files-2.1\org.jetbrains\annotations\13.0\919f0dfe192fb4e063e7dacadee7f8bb9a2672a9\annotations-13.0.jar;C:\Users\Osama Shabbir\.gradle\caches\modules-2\files-2.1\org.jetbrains.kotlin\kotlin-stdlib-common\1.5.31\43331609c7de811fed085e0dfd150874b157c32\kotlin-stdlib-common-1.5.31.jar
Launcher Type: SUN_STANDARD

[Global flags]
     intx CICompilerCount                          = 3                                         {product} {ergonomic}
     uint ConcGCThreads                            = 1                                         {product} {ergonomic}
     uint G1ConcRefinementThreads                  = 4                                         {product} {ergonomic}
   size_t G1HeapRegionSize                         = 1048576                                   {product} {ergonomic}
    uintx GCDrainStackTargetSize                   = 64                                        {product} {ergonomic}
   size_t InitialHeapSize                          = 130023424                                 {product} {ergonomic}
   size_t MarkStackSize                            = 4194304                                   {product} {ergonomic}
   size_t MaxHeapSize                              = 2067791872                                {product} {ergonomic}
   size_t MinHeapDeltaBytes                        = 1048576                                   {product} {ergonomic}
   size_t MinHeapSize                              = 8388608                                   {product} {ergonomic}
    uintx NonNMethodCodeHeapSize                   = 5832780                                {pd product} {ergonomic}
    uintx NonProfiledCodeHeapSize                  = 122912730                              {pd product} {ergonomic}
    uintx ProfiledCodeHeapSize                     = 122912730                              {pd product} {ergonomic}
    uintx ReservedCodeCacheSize                    = 251658240                              {pd product} {ergonomic}
     bool SegmentedCodeCache                       = true                                      {product} {ergonomic}
   size_t SoftMaxHeapSize                          = 2067791872                             {manageable} {ergonomic}
     bool UseCompressedClassPointers               = true                                 {lp64_product} {ergonomic}
     bool UseCompressedOops                        = true                                 {lp64_product} {ergonomic}
     bool UseG1GC                                  = true                                      {product} {ergonomic}
     bool UseLargePagesIndividualAllocation        = false                                  {pd product} {ergonomic}

Logging:
Log output configuration:
 #0: stdout all=warning uptime,level,tags
 #1: stderr all=off uptime,level,tags

Environment Variables:
JAVA_HOME=C:\Program Files\java\jdk-15
CLASSPATH=F:\ReactNative\whatsappclone\android\\gradle\wrapper\gradle-wrapper.jar
PATH=F:\ReactNative\whatsappclone\android\node_modules\.bin;F:\ReactNative\whatsappclone\node_modules\.bin;F:\ReactNative\node_modules\.bin;F:\node_modules\.bin;C:\Program Files\nodejs;F:\ReactNative\whatsappclone\node_modules\.bin;F:\ReactNative\whatsappclone\node_modules\.bin;F:\ReactNative\node_modules\.bin;F:\node_modules\.bin;C:\Users\Osama Shabbir\AppData\Roaming\npm\node_modules\npm\node_modules\@npmcli\run-script\lib\node-gyp-bin;C:\WINDOWS\system32;C:\WINDOWS;C:\WINDOWS\System32\Wbem;C:\WINDOWS\System32\WindowsPowerShell\v1.0\;C:\WINDOWS\System32\OpenSSH\;C:\Program Files\dotnet\;F:\Git\cmd;C:\Program Files\java\jdk-15\bin;F:\Nodejs;C:\Program Files\nodejs\;C:\Program Files\MySQL\MySQL Shell 8.0\bin\;C:\Users\Osama Shabbir\Flutter\bin;C:\Users\Osama Shabbir\AppData\Local\Programs\Microsoft VS Code\bin;C:\Users\Osama Shabbir\AppData\Local\Microsoft\WindowsApps;C:\Program Files\MongoDB\Server\4.4\bin;C:\mingw-w64\i686-8.1.0-posix-dwarf-rt_v6-rev0\mingw32\bin;C:\Users\Osama Shabbir\AppData\Local\GitHubDesktop\bin;C:\Users\Osama Shabbir\Flutter\.pub-cache\bin;C:\Program Files\PostgreSQL\14\bin;C:\Users\Osama Shabbir\platform-tools_r33.0.2-windows\platform-tools;C:\Users\Osama Shabbir\AppData\Roaming\npm
USERNAME=Osama Shabbir
LANG=en_US.UTF-8
OS=Windows_NT
PROCESSOR_IDENTIFIER=Intel64 Family 6 Model 61 Stepping 4, GenuineIntel



---------------  S Y S T E M  ---------------

OS:
 Windows 10 , 64 bit Build 19041 (10.0.19041.1889)
OS uptime: 1 days 21:56 hours

CPU: total 4 (initial active 4) (2 cores per cpu, 2 threads per core) family 6 model 61 stepping 4, cmov, cx8, fxsr, mmx, sse, sse2, sse3, ssse3, sse4.1, sse4.2, popcnt, vzeroupper, avx, avx2, aes, clmul, erms, rtm, 3dnowpref, lzcnt, ht, tsc, tscinvbit, bmi1, bmi2, adx, fma, clflush

Memory: 4k page, system-wide physical 7887M (666M free)
TotalPageFile size 9935M (AvailPageFile size 5M)
current process WorkingSet (physical memory assigned to process): 10M, peak: 10M
current process commit charge ("private bytes"): 48M, peak: 49M

vm_info: Java HotSpot(TM) 64-Bit Server VM (15+36-1562) for windows-amd64 JRE (15+36-1562), built on Aug 11 2020 22:38:02 by "mach5one" with unknown MS VC++:1925

END.
